[2024-06-05 13:15:07] local.ERROR: Please provide a valid cache path. {"exception":"[object] (InvalidArgumentException(code: 0): Please provide a valid cache path. at C:\\Users\\leadi\\OneDrive\\Desktop\\Style Lab\\Style Lab\\style_lab\\vendor\\laravel\\framework\\src\\Illuminate\\View\\Compilers\\Compiler.php:67)
[stacktrace]
#0 C:\\Users\\leadi\\OneDrive\\Desktop\\Style Lab\\Style Lab\\style_lab\\vendor\\laravel\\framework\\src\\Illuminate\\View\\ViewServiceProvider.php(96): Illuminate\\View\\Compilers\\Compiler->__construct(Object(Illuminate\\Filesystem\\Filesystem), false, '', true, 'php')
#1 C:\\Users\\leadi\\OneDrive\\Desktop\\Style Lab\\Style Lab\\style_lab\\vendor\\laravel\\framework\\src\\Illuminate\\Container\\Container.php(900): Illuminate\\View\\ViewServiceProvider->Illuminate\\View\\{closure}(Object(Illuminate\\Foundation\\Application), Array)
#2 C:\\Users\\leadi\\OneDrive\\Desktop\\Style Lab\\Style Lab\\style_lab\\vendor\\laravel\\framework\\src\\Illuminate\\Container\\Container.php(787): Illuminate\\Container\\Container->build(Object(Closure))
#3 C:\\Users\\leadi\\OneDrive\\Desktop\\Style Lab\\Style Lab\\style_lab\\vendor\\laravel\\framework\\src\\Illuminate\\Foundation\\Application.php(1030): Illuminate\\Container\\Container->resolve('blade.compiler', Array, true)
#4 C:\\Users\\leadi\\OneDrive\\Desktop\\Style Lab\\Style Lab\\style_lab\\vendor\\laravel\\framework\\src\\Illuminate\\Container\\Container.php(723): Illuminate\\Foundation\\Application->resolve('blade.compiler', Array)
#5 C:\\Users\\leadi\\OneDrive\\Desktop\\Style Lab\\Style Lab\\style_lab\\vendor\\laravel\\framework\\src\\Illuminate\\Foundation\\Application.php(1015): Illuminate\\Container\\Container->make('blade.compiler', Array)
#6 C:\\Users\\leadi\\OneDrive\\Desktop\\Style Lab\\Style Lab\\style_lab\\vendor\\laravel\\framework\\src\\Illuminate\\Container\\Container.php(1446): Illuminate\\Foundation\\Application->make('blade.compiler')
#7 C:\\Users\\leadi\\OneDrive\\Desktop\\Style Lab\\Style Lab\\style_lab\\vendor\\laravel\\framework\\src\\Illuminate\\Support\\Facades\\Facade.php(237): Illuminate\\Container\\Container->offsetGet('blade.compiler')
#8 C:\\Users\\leadi\\OneDrive\\Desktop\\Style Lab\\Style Lab\\style_lab\\vendor\\laravel\\framework\\src\\Illuminate\\Support\\Facades\\Facade.php(208): Illuminate\\Support\\Facades\\Facade::resolveFacadeInstance('blade.compiler')
#9 C:\\Users\\leadi\\OneDrive\\Desktop\\Style Lab\\Style Lab\\style_lab\\vendor\\laravel\\framework\\src\\Illuminate\\Support\\Facades\\Facade.php(351): Illuminate\\Support\\Facades\\Facade::getFacadeRoot()
#10 C:\\Users\\leadi\\OneDrive\\Desktop\\Style Lab\\Style Lab\\style_lab\\vendor\\blade-ui-kit\\blade-icons\\src\\BladeIconsServiceProvider.php(98): Illuminate\\Support\\Facades\\Facade::__callStatic('directive', Array)
#11 C:\\Users\\leadi\\OneDrive\\Desktop\\Style Lab\\Style Lab\\style_lab\\vendor\\blade-ui-kit\\blade-icons\\src\\BladeIconsServiceProvider.php(27): BladeUI\\Icons\\BladeIconsServiceProvider->bootDirectives()
#12 C:\\Users\\leadi\\OneDrive\\Desktop\\Style Lab\\Style Lab\\style_lab\\vendor\\laravel\\framework\\src\\Illuminate\\Container\\BoundMethod.php(36): BladeUI\\Icons\\BladeIconsServiceProvider->boot()
#13 C:\\Users\\leadi\\OneDrive\\Desktop\\Style Lab\\Style Lab\\style_lab\\vendor\\laravel\\framework\\src\\Illuminate\\Container\\Util.php(41): Illuminate\\Container\\BoundMethod::Illuminate\\Container\\{closure}()
#14 C:\\Users\\leadi\\OneDrive\\Desktop\\Style Lab\\Style Lab\\style_lab\\vendor\\laravel\\framework\\src\\Illuminate\\Container\\BoundMethod.php(93): Illuminate\\Container\\Util::unwrapIfClosure(Object(Closure))
#15 C:\\Users\\leadi\\OneDrive\\Desktop\\Style Lab\\Style Lab\\style_lab\\vendor\\laravel\\framework\\src\\Illuminate\\Container\\BoundMethod.php(35): Illuminate\\Container\\BoundMethod::callBoundMethod(Object(Illuminate\\Foundation\\Application), Array, Object(Closure))
#16 C:\\Users\\leadi\\OneDrive\\Desktop\\Style Lab\\Style Lab\\style_lab\\vendor\\laravel\\framework\\src\\Illuminate\\Container\\Container.php(662): Illuminate\\Container\\BoundMethod::call(Object(Illuminate\\Foundation\\Application), Array, Array, NULL)
#17 C:\\Users\\leadi\\OneDrive\\Desktop\\Style Lab\\Style Lab\\style_lab\\vendor\\laravel\\framework\\src\\Illuminate\\Foundation\\Application.php(1103): Illuminate\\Container\\Container->call(Array)
#18 C:\\Users\\leadi\\OneDrive\\Desktop\\Style Lab\\Style Lab\\style_lab\\vendor\\laravel\\framework\\src\\Illuminate\\Foundation\\Application.php(1084): Illuminate\\Foundation\\Application->bootProvider(Object(BladeUI\\Icons\\BladeIconsServiceProvider))
#19 [internal function]: Illuminate\\Foundation\\Application->Illuminate\\Foundation\\{closure}(Object(BladeUI\\Icons\\BladeIconsServiceProvider), 17)
#20 C:\\Users\\leadi\\OneDrive\\Desktop\\Style Lab\\Style Lab\\style_lab\\vendor\\laravel\\framework\\src\\Illuminate\\Foundation\\Application.php(1083): array_walk(Array, Object(Closure))
#21 C:\\Users\\leadi\\OneDrive\\Desktop\\Style Lab\\Style Lab\\style_lab\\vendor\\laravel\\framework\\src\\Illuminate\\Foundation\\Bootstrap\\BootProviders.php(17): Illuminate\\Foundation\\Application->boot()
#22 C:\\Users\\leadi\\OneDrive\\Desktop\\Style Lab\\Style Lab\\style_lab\\vendor\\laravel\\framework\\src\\Illuminate\\Foundation\\Application.php(309): Illuminate\\Foundation\\Bootstrap\\BootProviders->bootstrap(Object(Illuminate\\Foundation\\Application))
#23 C:\\Users\\leadi\\OneDrive\\Desktop\\Style Lab\\Style Lab\\style_lab\\vendor\\laravel\\framework\\src\\Illuminate\\Foundation\\Console\\Kernel.php(470): Illuminate\\Foundation\\Application->bootstrapWith(Array)
#24 C:\\Users\\leadi\\OneDrive\\Desktop\\Style Lab\\Style Lab\\style_lab\\vendor\\laravel\\framework\\src\\Illuminate\\Foundation\\Console\\Kernel.php(194): Illuminate\\Foundation\\Console\\Kernel->bootstrap()
#25 C:\\Users\\leadi\\OneDrive\\Desktop\\Style Lab\\Style Lab\\style_lab\\vendor\\laravel\\framework\\src\\Illuminate\\Foundation\\Application.php(1187): Illuminate\\Foundation\\Console\\Kernel->handle(Object(Symfony\\Component\\Console\\Input\\ArgvInput), Object(Symfony\\Component\\Console\\Output\\ConsoleOutput))
#26 C:\\Users\\leadi\\OneDrive\\Desktop\\Style Lab\\Style Lab\\style_lab\\artisan(13): Illuminate\\Foundation\\Application->handleCommand(Object(Symfony\\Component\\Console\\Input\\ArgvInput))
#27 {main}
"} 
[2024-06-05 13:16:34] local.ERROR: Please provide a valid cache path. {"exception":"[object] (InvalidArgumentException(code: 0): Please provide a valid cache path. at C:\\Users\\leadi\\OneDrive\\Desktop\\Style Lab\\Style Lab\\style_lab\\vendor\\laravel\\framework\\src\\Illuminate\\View\\Compilers\\Compiler.php:67)
[stacktrace]
#0 C:\\Users\\leadi\\OneDrive\\Desktop\\Style Lab\\Style Lab\\style_lab\\vendor\\laravel\\framework\\src\\Illuminate\\View\\ViewServiceProvider.php(96): Illuminate\\View\\Compilers\\Compiler->__construct(Object(Illuminate\\Filesystem\\Filesystem), false, '', true, 'php')
#1 C:\\Users\\leadi\\OneDrive\\Desktop\\Style Lab\\Style Lab\\style_lab\\vendor\\laravel\\framework\\src\\Illuminate\\Container\\Container.php(900): Illuminate\\View\\ViewServiceProvider->Illuminate\\View\\{closure}(Object(Illuminate\\Foundation\\Application), Array)
#2 C:\\Users\\leadi\\OneDrive\\Desktop\\Style Lab\\Style Lab\\style_lab\\vendor\\laravel\\framework\\src\\Illuminate\\Container\\Container.php(787): Illuminate\\Container\\Container->build(Object(Closure))
#3 C:\\Users\\leadi\\OneDrive\\Desktop\\Style Lab\\Style Lab\\style_lab\\vendor\\laravel\\framework\\src\\Illuminate\\Foundation\\Application.php(1030): Illuminate\\Container\\Container->resolve('blade.compiler', Array, true)
#4 C:\\Users\\leadi\\OneDrive\\Desktop\\Style Lab\\Style Lab\\style_lab\\vendor\\laravel\\framework\\src\\Illuminate\\Container\\Container.php(723): Illuminate\\Foundation\\Application->resolve('blade.compiler', Array)
#5 C:\\Users\\leadi\\OneDrive\\Desktop\\Style Lab\\Style Lab\\style_lab\\vendor\\laravel\\framework\\src\\Illuminate\\Foundation\\Application.php(1015): Illuminate\\Container\\Container->make('blade.compiler', Array)
#6 C:\\Users\\leadi\\OneDrive\\Desktop\\Style Lab\\Style Lab\\style_lab\\vendor\\laravel\\framework\\src\\Illuminate\\Container\\Container.php(1446): Illuminate\\Foundation\\Application->make('blade.compiler')
#7 C:\\Users\\leadi\\OneDrive\\Desktop\\Style Lab\\Style Lab\\style_lab\\vendor\\laravel\\framework\\src\\Illuminate\\Support\\Facades\\Facade.php(237): Illuminate\\Container\\Container->offsetGet('blade.compiler')
#8 C:\\Users\\leadi\\OneDrive\\Desktop\\Style Lab\\Style Lab\\style_lab\\vendor\\laravel\\framework\\src\\Illuminate\\Support\\Facades\\Facade.php(208): Illuminate\\Support\\Facades\\Facade::resolveFacadeInstance('blade.compiler')
#9 C:\\Users\\leadi\\OneDrive\\Desktop\\Style Lab\\Style Lab\\style_lab\\vendor\\laravel\\framework\\src\\Illuminate\\Support\\Facades\\Facade.php(351): Illuminate\\Support\\Facades\\Facade::getFacadeRoot()
#10 C:\\Users\\leadi\\OneDrive\\Desktop\\Style Lab\\Style Lab\\style_lab\\vendor\\blade-ui-kit\\blade-icons\\src\\BladeIconsServiceProvider.php(98): Illuminate\\Support\\Facades\\Facade::__callStatic('directive', Array)
#11 C:\\Users\\leadi\\OneDrive\\Desktop\\Style Lab\\Style Lab\\style_lab\\vendor\\blade-ui-kit\\blade-icons\\src\\BladeIconsServiceProvider.php(27): BladeUI\\Icons\\BladeIconsServiceProvider->bootDirectives()
#12 C:\\Users\\leadi\\OneDrive\\Desktop\\Style Lab\\Style Lab\\style_lab\\vendor\\laravel\\framework\\src\\Illuminate\\Container\\BoundMethod.php(36): BladeUI\\Icons\\BladeIconsServiceProvider->boot()
#13 C:\\Users\\leadi\\OneDrive\\Desktop\\Style Lab\\Style Lab\\style_lab\\vendor\\laravel\\framework\\src\\Illuminate\\Container\\Util.php(41): Illuminate\\Container\\BoundMethod::Illuminate\\Container\\{closure}()
#14 C:\\Users\\leadi\\OneDrive\\Desktop\\Style Lab\\Style Lab\\style_lab\\vendor\\laravel\\framework\\src\\Illuminate\\Container\\BoundMethod.php(93): Illuminate\\Container\\Util::unwrapIfClosure(Object(Closure))
#15 C:\\Users\\leadi\\OneDrive\\Desktop\\Style Lab\\Style Lab\\style_lab\\vendor\\laravel\\framework\\src\\Illuminate\\Container\\BoundMethod.php(35): Illuminate\\Container\\BoundMethod::callBoundMethod(Object(Illuminate\\Foundation\\Application), Array, Object(Closure))
#16 C:\\Users\\leadi\\OneDrive\\Desktop\\Style Lab\\Style Lab\\style_lab\\vendor\\laravel\\framework\\src\\Illuminate\\Container\\Container.php(662): Illuminate\\Container\\BoundMethod::call(Object(Illuminate\\Foundation\\Application), Array, Array, NULL)
#17 C:\\Users\\leadi\\OneDrive\\Desktop\\Style Lab\\Style Lab\\style_lab\\vendor\\laravel\\framework\\src\\Illuminate\\Foundation\\Application.php(1103): Illuminate\\Container\\Container->call(Array)
#18 C:\\Users\\leadi\\OneDrive\\Desktop\\Style Lab\\Style Lab\\style_lab\\vendor\\laravel\\framework\\src\\Illuminate\\Foundation\\Application.php(1084): Illuminate\\Foundation\\Application->bootProvider(Object(BladeUI\\Icons\\BladeIconsServiceProvider))
#19 [internal function]: Illuminate\\Foundation\\Application->Illuminate\\Foundation\\{closure}(Object(BladeUI\\Icons\\BladeIconsServiceProvider), 17)
#20 C:\\Users\\leadi\\OneDrive\\Desktop\\Style Lab\\Style Lab\\style_lab\\vendor\\laravel\\framework\\src\\Illuminate\\Foundation\\Application.php(1083): array_walk(Array, Object(Closure))
#21 C:\\Users\\leadi\\OneDrive\\Desktop\\Style Lab\\Style Lab\\style_lab\\vendor\\laravel\\framework\\src\\Illuminate\\Foundation\\Bootstrap\\BootProviders.php(17): Illuminate\\Foundation\\Application->boot()
#22 C:\\Users\\leadi\\OneDrive\\Desktop\\Style Lab\\Style Lab\\style_lab\\vendor\\laravel\\framework\\src\\Illuminate\\Foundation\\Application.php(309): Illuminate\\Foundation\\Bootstrap\\BootProviders->bootstrap(Object(Illuminate\\Foundation\\Application))
#23 C:\\Users\\leadi\\OneDrive\\Desktop\\Style Lab\\Style Lab\\style_lab\\vendor\\laravel\\framework\\src\\Illuminate\\Foundation\\Http\\Kernel.php(186): Illuminate\\Foundation\\Application->bootstrapWith(Array)
#24 C:\\Users\\leadi\\OneDrive\\Desktop\\Style Lab\\Style Lab\\style_lab\\vendor\\laravel\\framework\\src\\Illuminate\\Foundation\\Http\\Kernel.php(170): Illuminate\\Foundation\\Http\\Kernel->bootstrap()
#25 C:\\Users\\leadi\\OneDrive\\Desktop\\Style Lab\\Style Lab\\style_lab\\vendor\\laravel\\framework\\src\\Illuminate\\Foundation\\Http\\Kernel.php(144): Illuminate\\Foundation\\Http\\Kernel->sendRequestThroughRouter(Object(Illuminate\\Http\\Request))
#26 C:\\Users\\leadi\\OneDrive\\Desktop\\Style Lab\\Style Lab\\style_lab\\vendor\\laravel\\framework\\src\\Illuminate\\Foundation\\Application.php(1172): Illuminate\\Foundation\\Http\\Kernel->handle(Object(Illuminate\\Http\\Request))
#27 C:\\Users\\leadi\\OneDrive\\Desktop\\Style Lab\\Style Lab\\style_lab\\public\\index.php(17): Illuminate\\Foundation\\Application->handleRequest(Object(Illuminate\\Http\\Request))
#28 C:\\Users\\leadi\\OneDrive\\Desktop\\Style Lab\\Style Lab\\style_lab\\vendor\\laravel\\framework\\src\\Illuminate\\Foundation\\resources\\server.php(16): require_once('C:\\\\Users\\\\leadi\\\\...')
#29 {main}
"} 
